[ 2015-03-17T08:14:57+08:00 ] 1.161.60.76 mx3.mail2000.com.tw:25
INFO: [ app_begin ] --START--
INFO: ReadHtmlCache Behavior ::run [ RunTime:0.000309s ]
INFO: [ app_begin ] --END-- [ RunTime:0.000375s ]
INFO: [ view_parse ] --START--
INFO: ParseTemplate Behavior ::run [ RunTime:0.000435s ]
INFO: [ view_parse ] --END-- [ RunTime:0.000481s ]
INFO: [ view_filter ] --START--
NOTIC: [8] Use of undefined constant APP_TMPL_PATH - assumed 'APP_TMPL_PATH' /mnt/b/ThinkPHP/Lib/Behavior/ContentReplaceBehavior.class.php 第 40 行.
NOTIC: [8] Use of undefined constant APP_TMPL_PATH - assumed 'APP_TMPL_PATH' /mnt/b/ThinkPHP/Lib/Behavior/ContentReplaceBehavior.class.php 第 47 行.
INFO: ContentReplace Behavior ::run [ RunTime:0.000218s ]
INFO: TokenBuild Behavior ::run [ RunTime:0.000211s ]
INFO: WriteHtmlCache Behavior ::run [ RunTime:0.000151s ]
INFO: ShowRuntime Behavior ::run [ RunTime:0.000241s ]
INFO: [ view_filter ] --END-- [ RunTime:0.000934s ]
INFO: [ view_end ] --START--
INFO: ShowPageTrace Behavior ::run [ RunTime:0.000338s ]
INFO: [ view_end ] --END-- [ RunTime:0.000378s ]

[ 2015-03-17T10:38:28+08:00 ] 1.171.79.121 mx2.mail2000.com.tw:25
INFO: [ app_begin ] --START--
INFO: ReadHtmlCache Behavior ::run [ RunTime:0.000306s ]
INFO: [ app_begin ] --END-- [ RunTime:0.000372s ]
INFO: [ view_parse ] --START--
INFO: ParseTemplate Behavior ::run [ RunTime:0.000409s ]
INFO: [ view_parse ] --END-- [ RunTime:0.000499s ]
INFO: [ view_filter ] --START--
NOTIC: [8] Use of undefined constant APP_TMPL_PATH - assumed 'APP_TMPL_PATH' /mnt/b/ThinkPHP/Lib/Behavior/ContentReplaceBehavior.class.php 第 40 行.
NOTIC: [8] Use of undefined constant APP_TMPL_PATH - assumed 'APP_TMPL_PATH' /mnt/b/ThinkPHP/Lib/Behavior/ContentReplaceBehavior.class.php 第 47 行.
INFO: ContentReplace Behavior ::run [ RunTime:0.000245s ]
INFO: TokenBuild Behavior ::run [ RunTime:0.000191s ]
INFO: WriteHtmlCache Behavior ::run [ RunTime:0.000125s ]
INFO: ShowRuntime Behavior ::run [ RunTime:0.000242s ]
INFO: [ view_filter ] --END-- [ RunTime:0.000915s ]
INFO: [ view_end ] --START--
INFO: ShowPageTrace Behavior ::run [ RunTime:0.000369s ]
INFO: [ view_end ] --END-- [ RunTime:0.000432s ]

[ 2015-03-17T10:59:53+08:00 ] 112.64.239.237 /
INFO: [ app_begin ] --START--
INFO: ReadHtmlCache Behavior ::run [ RunTime:0.000303s ]
INFO: [ app_begin ] --END-- [ RunTime:0.000368s ]
INFO: [ view_parse ] --START--
INFO: ParseTemplate Behavior ::run [ RunTime:0.000410s ]
INFO: [ view_parse ] --END-- [ RunTime:0.000456s ]
INFO: [ view_filter ] --START--
NOTIC: [8] Use of undefined constant APP_TMPL_PATH - assumed 'APP_TMPL_PATH' /mnt/b/ThinkPHP/Lib/Behavior/ContentReplaceBehavior.class.php 第 40 行.
NOTIC: [8] Use of undefined constant APP_TMPL_PATH - assumed 'APP_TMPL_PATH' /mnt/b/ThinkPHP/Lib/Behavior/ContentReplaceBehavior.class.php 第 47 行.
INFO: ContentReplace Behavior ::run [ RunTime:0.000220s ]
INFO: TokenBuild Behavior ::run [ RunTime:0.000187s ]
INFO: WriteHtmlCache Behavior ::run [ RunTime:0.000126s ]
INFO: ShowRuntime Behavior ::run [ RunTime:0.000243s ]
INFO: [ view_filter ] --END-- [ RunTime:0.000905s ]
INFO: [ view_end ] --START--
INFO: ShowPageTrace Behavior ::run [ RunTime:0.000359s ]
INFO: [ view_end ] --END-- [ RunTime:0.000396s ]

